<component name="libraryTable">
  <library name="junit-4.13-beta-2">
    <CLASSES>
      <root url="jar://$PROJECT_DIR$/src/libs/junit-4.13-beta-2.jar!/" />
    </CLASSES>
    <JAVADOC />
    <SOURCES />
  </library>
</component>